<?xml version="1.0" encoding="UTF-8" ?>
<testsuites errors="2"
            failures="2"
            tests="1">

  <testsuite name="unosqAssertVerif"
    errors="2" failures="2" hostname="" id="" package="unosqAssertVerif" skipped="0"
    tests="1" time="13.82" timestamp="">
  
    <testcase name="Demo test unosquare" classname="unosqAssertVerif" time="13.82" assertions="3">

      <failure message="Testing if element &lt;xxxx&gt; is visible in 5000ms - expected &#34;is visible&#34; but got: &#34;element could not be located&#34; (5239ms)">    at Demo test unosquare (C:\Users\mariana.vives\source\repos\NightWatchJs\Tests\unosqAssertVerif.js:7:15)
    at process.processTicksAndRejections (node:internal/process/task_queues:95:5)</failure>

      <failure message="Testing if element &lt;.non_existing&gt; is visible in 5000ms - expected &#34;is visible&#34; but got: &#34;element could not be located&#34; (5226ms)">    at Demo test unosquare (C:\Users\mariana.vives\source\repos\NightWatchJs\Tests\unosqAssertVerif.js:9:15)
    at process.processTicksAndRejections (node:internal/process/task_queues:95:5)</failure>

    
    <error message="Error while running &#34;visible&#34; command: Testing if element [0;33m&lt;.non_existing&gt;[0m is visible in 5000ms - expected [0;32m&#34;is visible&#34;[0m but got: [0;31m&#34;element could not be located&#34;[0m [0;90m(5226ms)[0m" type="error"><![CDATA[
        at Demo test unosquare (C:\Users\mariana.vives\source\repos\NightWatchJs\Tests\unosqAssertVerif.js:9:15)
    at process.processTicksAndRejections (node:internal/process/task_queues:95:5)
    ]]></error>
    
    </testcase>
  

  
    <system-err>
        NoSuchElementError: An error occurred while running .getAttribute() command on &lt;li a[href = &#39;/Services&#39;]&gt;: 
   {&#34;sessionId&#34;:&#34;5a6f3712cb4b8826f0d84fb555a1212a&#34;,&#34;status&#34;:0,&#34;value&#34;:[]}
       at process.processTicksAndRejections (node:internal/process/task_queues:95:5)
  NoSuchElementError: An error occurred while running .isVisible() command on &lt;xxxx&gt;: 
   {&#34;sessionId&#34;:&#34;19be1962cefc1f9ab3a22e4b1045d0e2&#34;,&#34;status&#34;:0,&#34;value&#34;:[]}
       at process.processTicksAndRejections (node:internal/process/task_queues:95:5)
  NoSuchElementError: An error occurred while running .isVisible() command on &lt;.non_existing&gt;: 
   {&#34;sessionId&#34;:&#34;19be1962cefc1f9ab3a22e4b1045d0e2&#34;,&#34;status&#34;:0,&#34;value&#34;:[]}
       at process.processTicksAndRejections (node:internal/process/task_queues:95:5)
    </system-err>
  

    

  
  </testsuite>
</testsuites>
